case0: 51
case1: 31486
case2: 37380
case3: 1408
case4: 3105
case5: 2506
case6: 18208
case7: 3859
case8: 2546
case9: 2406
case10: 549
case11: 2935
case12: 150
case13: 11773
case14: 12
case15: 28344
case16: 246
case17: 2962
case18: 77378
case19: 107776
case20: 26119
case21: 487
case22: 66110
case23: 194113
case24: 126373
case25: 63199
case26: 15943
case27: 662
case28: 77186
case29: 687
case30: 1149
case31: 177768
case32: 8661
case33: 5015
case34: 12848
case35: 3644
case36: 131074
case37: 13232
case38: 7366
case39: 33258
case40: 154374
case41: 5553
case42: 77115
case43: 42590
case44: 1779
case45: 7767
case46: 23364
case47: 47328
case48: 46455
case49: 13271
case50: 120343
case51: 10182
case52: 17057
case53: 46489
case54: 33675
case55: 7259
case56: 14455
case57: 91294
case58: 16428
case59: 27494
case60: 21779
case61: 77981
case62: 6166
case63: 185751
case64: 51043
case65: 8150
case66: 177549
case67: 28630
case68: 6369
case69: 5585
case70: 33166
case71: 58554
case72: 84662
case73: 202576
case74: 8811
case75: 3525
case76: 24479
case77: 4993
case78: 2647
case79: 24447
case80: 13176
case81: 133082
case82: 95526
case83: 2731
case84: 90188
case85: 6179
case86: 3270
case87: 446
case88: 7355
case89: 989
case90: 38456
case91: 11378
case92: 7839
case93: 4278
case94: 68517
case95: 111543
case96: 36481
case97: 98080
case98: 5213
case99: 8430
case100: 185760
